Determining if the pthread_create exist failed with the following output:
Change Dir: /home/xiaojwan/thesis/octree_primal_dual/build/CMakeFiles/CMakeTmp

Run Build Command:"/usr/bin/make" "cmTC_9d1df/fast"
/usr/bin/make -f CMakeFiles/cmTC_9d1df.dir/build.make CMakeFiles/cmTC_9d1df.dir/build
make[1]: Entering directory '/home/xiaojwan/thesis/octree_primal_dual/build/CMakeFiles/CMakeTmp'
Building C object CMakeFiles/cmTC_9d1df.dir/CheckSymbolExists.c.o
/usr/bin/cc     -o CMakeFiles/cmTC_9d1df.dir/CheckSymbolExists.c.o   -c /home/xiaojwan/thesis/octree_primal_dual/build/CMakeFiles/CMakeTmp/CheckSymbolExists.c
Linking C executable cmTC_9d1df
/usr/bin/cmake -E cmake_link_script CMakeFiles/cmTC_9d1df.dir/link.txt --verbose=1
/usr/bin/cc       CMakeFiles/cmTC_9d1df.dir/CheckSymbolExists.c.o  -o cmTC_9d1df -rdynamic 
CMakeFiles/cmTC_9d1df.dir/CheckSymbolExists.c.o: In function `main':
CheckSymbolExists.c:(.text+0x16): undefined reference to `pthread_create'
collect2: error: ld returned 1 exit status
CMakeFiles/cmTC_9d1df.dir/build.make:97: recipe for target 'cmTC_9d1df' failed
make[1]: *** [cmTC_9d1df] Error 1
make[1]: Leaving directory '/home/xiaojwan/thesis/octree_primal_dual/build/CMakeFiles/CMakeTmp'
Makefile:126: recipe for target 'cmTC_9d1df/fast' failed
make: *** [cmTC_9d1df/fast] Error 2

File /home/xiaojwan/thesis/octree_primal_dual/build/CMakeFiles/CMakeTmp/CheckSymbolExists.c:
/* */
#include <pthread.h>

int main(int argc, char** argv)
{
  (void)argv;
#ifndef pthread_create
  return ((int*)(&pthread_create))[argc];
#else
  (void)argc;
  return 0;
#endif
}

Determining if the function pthread_create exists in the pthreads failed with the following output:
Change Dir: /home/xiaojwan/thesis/octree_primal_dual/build/CMakeFiles/CMakeTmp

Run Build Command:"/usr/bin/make" "cmTC_eab3f/fast"
/usr/bin/make -f CMakeFiles/cmTC_eab3f.dir/build.make CMakeFiles/cmTC_eab3f.dir/build
make[1]: Entering directory '/home/xiaojwan/thesis/octree_primal_dual/build/CMakeFiles/CMakeTmp'
Building C object CMakeFiles/cmTC_eab3f.dir/CheckFunctionExists.c.o
/usr/bin/cc    -DCHECK_FUNCTION_EXISTS=pthread_create   -o CMakeFiles/cmTC_eab3f.dir/CheckFunctionExists.c.o   -c /usr/share/cmake-3.5/Modules/CheckFunctionExists.c
Linking C executable cmTC_eab3f
/usr/bin/cmake -E cmake_link_script CMakeFiles/cmTC_eab3f.dir/link.txt --verbose=1
/usr/bin/cc   -DCHECK_FUNCTION_EXISTS=pthread_create    CMakeFiles/cmTC_eab3f.dir/CheckFunctionExists.c.o  -o cmTC_eab3f -rdynamic -lpthreads 
/usr/bin/ld: cannot find -lpthreads
collect2: error: ld returned 1 exit status
CMakeFiles/cmTC_eab3f.dir/build.make:97: recipe for target 'cmTC_eab3f' failed
make[1]: *** [cmTC_eab3f] Error 1
make[1]: Leaving directory '/home/xiaojwan/thesis/octree_primal_dual/build/CMakeFiles/CMakeTmp'
Makefile:126: recipe for target 'cmTC_eab3f/fast' failed
make: *** [cmTC_eab3f/fast] Error 2


